{"D:\\Project\\Todo-list\\frontend\\src\\api\\archive.ts": {"path":"D:\\Project\\Todo-list\\frontend\\src\\api\\archive.ts","statementMap":{"0":{"start":{"line":9,"column":19},"end":{"line":9,"column":null}},"1":{"start":{"line":10,"column":2},"end":{"line":10,"column":null}},"2":{"start":{"line":14,"column":19},"end":{"line":14,"column":null}},"3":{"start":{"line":15,"column":2},"end":{"line":15,"column":null}}},"fnMap":{"0":{"name":"getArchivedTasks","decl":{"start":{"line":5,"column":22},"end":{"line":5,"column":39}},"loc":{"start":{"line":8,"column":33},"end":{"line":11,"column":null}},"line":8},"1":{"name":"restoreTask","decl":{"start":{"line":13,"column":22},"end":{"line":13,"column":34}},"loc":{"start":{"line":13,"column":74},"end":{"line":16,"column":null}},"line":13}},"branchMap":{},"s":{"0":2,"1":2,"2":1,"3":1},"f":{"0":2,"1":1},"b":{},"meta":{"lastBranch":0,"lastFunction":2,"lastStatement":4,"seen":{"f:5:22:5:39":0,"s:9:19:9:Infinity":0,"s:10:2:10:Infinity":1,"f:13:22:13:34":1,"s:14:19:14:Infinity":2,"s:15:2:15:Infinity":3}}}
,"D:\\Project\\Todo-list\\frontend\\src\\api\\auth.ts": {"path":"D:\\Project\\Todo-list\\frontend\\src\\api\\auth.ts","statementMap":{"0":{"start":{"line":6,"column":19},"end":{"line":6,"column":null}},"1":{"start":{"line":7,"column":2},"end":{"line":7,"column":null}},"2":{"start":{"line":11,"column":19},"end":{"line":11,"column":null}},"3":{"start":{"line":12,"column":2},"end":{"line":12,"column":null}},"4":{"start":{"line":16,"column":2},"end":{"line":16,"column":null}},"5":{"start":{"line":20,"column":19},"end":{"line":20,"column":null}},"6":{"start":{"line":21,"column":2},"end":{"line":21,"column":null}}},"fnMap":{"0":{"name":"login","decl":{"start":{"line":5,"column":22},"end":{"line":5,"column":28}},"loc":{"start":{"line":5,"column":85},"end":{"line":8,"column":null}},"line":5},"1":{"name":"register","decl":{"start":{"line":10,"column":22},"end":{"line":10,"column":31}},"loc":{"start":{"line":10,"column":85},"end":{"line":13,"column":null}},"line":10},"2":{"name":"logout","decl":{"start":{"line":15,"column":22},"end":{"line":15,"column":46}},"loc":{"start":{"line":15,"column":46},"end":{"line":17,"column":null}},"line":15},"3":{"name":"refreshToken","decl":{"start":{"line":19,"column":22},"end":{"line":19,"column":71}},"loc":{"start":{"line":19,"column":71},"end":{"line":22,"column":null}},"line":19}},"branchMap":{},"s":{"0":2,"1":2,"2":1,"3":1,"4":1,"5":1,"6":1},"f":{"0":2,"1":1,"2":1,"3":1},"b":{},"meta":{"lastBranch":0,"lastFunction":4,"lastStatement":7,"seen":{"f:5:22:5:28":0,"s:6:19:6:Infinity":0,"s:7:2:7:Infinity":1,"f:10:22:10:31":1,"s:11:19:11:Infinity":2,"s:12:2:12:Infinity":3,"f:15:22:15:46":2,"s:16:2:16:Infinity":4,"f:19:22:19:71":3,"s:20:19:20:Infinity":5,"s:21:2:21:Infinity":6}}}
,"D:\\Project\\Todo-list\\frontend\\src\\api\\recurring.ts": {"path":"D:\\Project\\Todo-list\\frontend\\src\\api\\recurring.ts","statementMap":{"0":{"start":{"line":10,"column":19},"end":{"line":10,"column":null}},"1":{"start":{"line":11,"column":2},"end":{"line":11,"column":null}},"2":{"start":{"line":17,"column":19},"end":{"line":17,"column":null}},"3":{"start":{"line":18,"column":2},"end":{"line":18,"column":null}},"4":{"start":{"line":25,"column":19},"end":{"line":25,"column":null}},"5":{"start":{"line":26,"column":2},"end":{"line":26,"column":null}},"6":{"start":{"line":30,"column":19},"end":{"line":30,"column":null}},"7":{"start":{"line":31,"column":2},"end":{"line":31,"column":null}}},"fnMap":{"0":{"name":"getRecurringTemplates","decl":{"start":{"line":9,"column":22},"end":{"line":9,"column":89}},"loc":{"start":{"line":9,"column":89},"end":{"line":12,"column":null}},"line":9},"1":{"name":"createRecurringTemplate","decl":{"start":{"line":14,"column":22},"end":{"line":14,"column":null}},"loc":{"start":{"line":16,"column":43},"end":{"line":19,"column":null}},"line":16},"2":{"name":"updateRecurringTemplate","decl":{"start":{"line":21,"column":22},"end":{"line":21,"column":null}},"loc":{"start":{"line":24,"column":43},"end":{"line":27,"column":null}},"line":24},"3":{"name":"stopRecurringTemplate","decl":{"start":{"line":29,"column":22},"end":{"line":29,"column":44}},"loc":{"start":{"line":29,"column":84},"end":{"line":32,"column":null}},"line":29}},"branchMap":{},"s":{"0":1,"1":1,"2":1,"3":1,"4":1,"5":1,"6":1,"7":1},"f":{"0":1,"1":1,"2":1,"3":1},"b":{},"meta":{"lastBranch":0,"lastFunction":4,"lastStatement":8,"seen":{"f:9:22:9:89":0,"s:10:19:10:Infinity":0,"s:11:2:11:Infinity":1,"f:14:22:14:Infinity":1,"s:17:19:17:Infinity":2,"s:18:2:18:Infinity":3,"f:21:22:21:Infinity":2,"s:25:19:25:Infinity":4,"s:26:2:26:Infinity":5,"f:29:22:29:44":3,"s:30:19:30:Infinity":6,"s:31:2:31:Infinity":7}}}
,"D:\\Project\\Todo-list\\frontend\\src\\api\\reminder.ts": {"path":"D:\\Project\\Todo-list\\frontend\\src\\api\\reminder.ts","statementMap":{"0":{"start":{"line":6,"column":19},"end":{"line":6,"column":null}},"1":{"start":{"line":7,"column":2},"end":{"line":7,"column":null}},"2":{"start":{"line":11,"column":18},"end":{"line":11,"column":null}},"3":{"start":{"line":12,"column":8},"end":{"line":12,"column":null}},"4":{"start":{"line":13,"column":14},"end":{"line":15,"column":null}},"5":{"start":{"line":16,"column":2},"end":{"line":16,"column":null}}},"fnMap":{"0":{"name":"getReminder","decl":{"start":{"line":5,"column":22},"end":{"line":5,"column":79}},"loc":{"start":{"line":5,"column":79},"end":{"line":8,"column":null}},"line":5},"1":{"name":"createReminderStream","decl":{"start":{"line":10,"column":16},"end":{"line":10,"column":52}},"loc":{"start":{"line":10,"column":52},"end":{"line":17,"column":null}},"line":10}},"branchMap":{"0":{"loc":{"start":{"line":11,"column":18},"end":{"line":11,"column":null}},"type":"binary-expr","locations":[{"start":{"line":11,"column":18},"end":{"line":11,"column":55}},{"start":{"line":11,"column":55},"end":{"line":11,"column":null}}],"line":11},"1":{"loc":{"start":{"line":13,"column":14},"end":{"line":15,"column":null}},"type":"cond-expr","locations":[{"start":{"line":14,"column":6},"end":{"line":14,"column":null}},{"start":{"line":15,"column":6},"end":{"line":15,"column":null}}],"line":13}},"s":{"0":2,"1":2,"2":2,"3":2,"4":2,"5":2},"f":{"0":2,"1":2},"b":{"0":[2,2],"1":[1,1]},"meta":{"lastBranch":2,"lastFunction":2,"lastStatement":6,"seen":{"f:5:22:5:79":0,"s:6:19:6:Infinity":0,"s:7:2:7:Infinity":1,"f:10:16:10:52":1,"s:11:18:11:Infinity":2,"b:11:18:11:55:11:55:11:Infinity":0,"s:12:8:12:Infinity":3,"s:13:14:15:Infinity":4,"b:14:6:14:Infinity:15:6:15:Infinity":1,"s:16:2:16:Infinity":5}}}
,"D:\\Project\\Todo-list\\frontend\\src\\api\\tasks.ts": {"path":"D:\\Project\\Todo-list\\frontend\\src\\api\\tasks.ts","statementMap":{"0":{"start":{"line":13,"column":19},"end":{"line":13,"column":null}},"1":{"start":{"line":14,"column":2},"end":{"line":14,"column":null}},"2":{"start":{"line":18,"column":19},"end":{"line":18,"column":null}},"3":{"start":{"line":19,"column":2},"end":{"line":19,"column":null}},"4":{"start":{"line":23,"column":19},"end":{"line":23,"column":null}},"5":{"start":{"line":24,"column":2},"end":{"line":24,"column":null}},"6":{"start":{"line":28,"column":19},"end":{"line":28,"column":null}},"7":{"start":{"line":29,"column":2},"end":{"line":29,"column":null}},"8":{"start":{"line":33,"column":19},"end":{"line":33,"column":null}},"9":{"start":{"line":34,"column":2},"end":{"line":34,"column":null}},"10":{"start":{"line":41,"column":19},"end":{"line":41,"column":null}},"11":{"start":{"line":42,"column":2},"end":{"line":42,"column":null}},"12":{"start":{"line":49,"column":19},"end":{"line":49,"column":null}},"13":{"start":{"line":50,"column":2},"end":{"line":50,"column":null}}},"fnMap":{"0":{"name":"getTasks","decl":{"start":{"line":12,"column":22},"end":{"line":12,"column":31}},"loc":{"start":{"line":12,"column":88},"end":{"line":15,"column":null}},"line":12},"1":{"name":"getTask","decl":{"start":{"line":17,"column":22},"end":{"line":17,"column":30}},"loc":{"start":{"line":17,"column":70},"end":{"line":20,"column":null}},"line":17},"2":{"name":"createTask","decl":{"start":{"line":22,"column":22},"end":{"line":22,"column":33}},"loc":{"start":{"line":22,"column":89},"end":{"line":25,"column":null}},"line":22},"3":{"name":"updateTask","decl":{"start":{"line":27,"column":22},"end":{"line":27,"column":33}},"loc":{"start":{"line":27,"column":101},"end":{"line":30,"column":null}},"line":27},"4":{"name":"deleteTask","decl":{"start":{"line":32,"column":22},"end":{"line":32,"column":33}},"loc":{"start":{"line":32,"column":73},"end":{"line":35,"column":null}},"line":32},"5":{"name":"updateTaskStatus","decl":{"start":{"line":37,"column":22},"end":{"line":37,"column":null}},"loc":{"start":{"line":40,"column":30},"end":{"line":43,"column":null}},"line":40},"6":{"name":"updateTaskOrder","decl":{"start":{"line":45,"column":22},"end":{"line":45,"column":null}},"loc":{"start":{"line":48,"column":30},"end":{"line":51,"column":null}},"line":48}},"branchMap":{},"s":{"0":2,"1":2,"2":1,"3":1,"4":1,"5":1,"6":1,"7":1,"8":1,"9":1,"10":1,"11":1,"12":1,"13":1},"f":{"0":2,"1":1,"2":1,"3":1,"4":1,"5":1,"6":1},"b":{},"meta":{"lastBranch":0,"lastFunction":7,"lastStatement":14,"seen":{"f:12:22:12:31":0,"s:13:19:13:Infinity":0,"s:14:2:14:Infinity":1,"f:17:22:17:30":1,"s:18:19:18:Infinity":2,"s:19:2:19:Infinity":3,"f:22:22:22:33":2,"s:23:19:23:Infinity":4,"s:24:2:24:Infinity":5,"f:27:22:27:33":3,"s:28:19:28:Infinity":6,"s:29:2:29:Infinity":7,"f:32:22:32:33":4,"s:33:19:33:Infinity":8,"s:34:2:34:Infinity":9,"f:37:22:37:Infinity":5,"s:41:19:41:Infinity":10,"s:42:2:42:Infinity":11,"f:45:22:45:Infinity":6,"s:49:19:49:Infinity":12,"s:50:2:50:Infinity":13}}}
,"D:\\Project\\Todo-list\\frontend\\src\\api\\topics.ts": {"path":"D:\\Project\\Todo-list\\frontend\\src\\api\\topics.ts","statementMap":{"0":{"start":{"line":6,"column":19},"end":{"line":6,"column":null}},"1":{"start":{"line":7,"column":2},"end":{"line":7,"column":null}},"2":{"start":{"line":11,"column":19},"end":{"line":11,"column":null}},"3":{"start":{"line":12,"column":2},"end":{"line":12,"column":null}},"4":{"start":{"line":16,"column":19},"end":{"line":16,"column":null}},"5":{"start":{"line":17,"column":2},"end":{"line":17,"column":null}},"6":{"start":{"line":21,"column":19},"end":{"line":21,"column":null}},"7":{"start":{"line":22,"column":2},"end":{"line":22,"column":null}}},"fnMap":{"0":{"name":"getTopics","decl":{"start":{"line":5,"column":22},"end":{"line":5,"column":65}},"loc":{"start":{"line":5,"column":65},"end":{"line":8,"column":null}},"line":5},"1":{"name":"createTopic","decl":{"start":{"line":10,"column":22},"end":{"line":10,"column":34}},"loc":{"start":{"line":10,"column":92},"end":{"line":13,"column":null}},"line":10},"2":{"name":"renameTopic","decl":{"start":{"line":15,"column":22},"end":{"line":15,"column":34}},"loc":{"start":{"line":15,"column":104},"end":{"line":18,"column":null}},"line":15},"3":{"name":"deleteTopic","decl":{"start":{"line":20,"column":22},"end":{"line":20,"column":34}},"loc":{"start":{"line":20,"column":74},"end":{"line":23,"column":null}},"line":20}},"branchMap":{},"s":{"0":1,"1":1,"2":1,"3":1,"4":1,"5":1,"6":1,"7":1},"f":{"0":1,"1":1,"2":1,"3":1},"b":{},"meta":{"lastBranch":0,"lastFunction":4,"lastStatement":8,"seen":{"f:5:22:5:65":0,"s:6:19:6:Infinity":0,"s:7:2:7:Infinity":1,"f:10:22:10:34":1,"s:11:19:11:Infinity":2,"s:12:2:12:Infinity":3,"f:15:22:15:34":2,"s:16:19:16:Infinity":4,"s:17:2:17:Infinity":5,"f:20:22:20:34":3,"s:21:19:21:Infinity":6,"s:22:2:22:Infinity":7}}}
,"D:\\Project\\Todo-list\\frontend\\src\\lib\\utils.ts": {"path":"D:\\Project\\Todo-list\\frontend\\src\\lib\\utils.ts","statementMap":{"0":{"start":{"line":5,"column":2},"end":{"line":5,"column":null}}},"fnMap":{"0":{"name":"cn","decl":{"start":{"line":4,"column":16},"end":{"line":4,"column":22}},"loc":{"start":{"line":4,"column":44},"end":{"line":6,"column":null}},"line":4}},"branchMap":{},"s":{"0":6},"f":{"0":6},"b":{},"meta":{"lastBranch":0,"lastFunction":1,"lastStatement":1,"seen":{"f:4:16:4:22":0,"s:5:2:5:Infinity":0}}}
}
